<?xml version="1.0" encoding="UTF-8"?>
<!-- Generated by org.testng.reporters.JUnitReportReporter -->
<testsuite hostname="tejal-home" failures="0" tests="5" name="com.SalesForce.tests.LeadsTest" time="62.017" errors="0" timestamp="2022-02-11T11:32:02 EST" skipped="0">
  <testcase classname="com.SalesForce.tests.LeadsTest" name="TestCase23_TodaysLead" time="10.489"/>
  <system-out/>
  <testcase classname="com.SalesForce.tests.LeadsTest" name="TestCase22_LeadsDefaultView" time="16.249"/>
  <system-out/>
  <testcase classname="com.SalesForce.tests.LeadsTest" name="TestCase24_NewLead" time="13.218"/>
  <system-out/>
  <testcase classname="com.SalesForce.tests.LeadsTest" name="TestCase20_LeadTab" time="11.510"/>
  <system-out/>
  <testcase classname="com.SalesForce.tests.LeadsTest" name="TestCase21_LeadsSelectView" time="10.551"/>
  <system-out/>
</testsuite> <!-- com.SalesForce.tests.LeadsTest -->
