<?xml version="1.0" encoding="UTF-8"?>
<!-- Generated by org.testng.reporters.JUnitReportReporter -->
<testsuite hostname="tejal-home" failures="0" tests="5" name="com.SalesForce.tests.OppertunityTest" time="61.881" errors="0" timestamp="2022-02-11T11:32:02 EST" skipped="0">
  <testcase classname="com.SalesForce.tests.OppertunityTest" name="TestCase15_OppertunityDropDown" time="10.842"/>
  <system-out/>
  <testcase classname="com.SalesForce.tests.OppertunityTest" name="TestCase19_OppertunitySummeryReport" time="12.070"/>
  <system-out/>
  <testcase classname="com.SalesForce.tests.OppertunityTest" name="TestCase17_OppertunityPipelineReport" time="11.576"/>
  <system-out/>
  <testcase classname="com.SalesForce.tests.OppertunityTest" name="TestCase16_CreateOppertunity" time="16.265"/>
  <system-out/>
  <testcase classname="com.SalesForce.tests.OppertunityTest" name="TestCase18_StuckOppertunityReport" time="11.128"/>
  <system-out/>
</testsuite> <!-- com.SalesForce.tests.OppertunityTest -->
