<?xml version="1.0" encoding="UTF-8"?>
<!-- Generated by org.testng.reporters.JUnitReportReporter -->
<testsuite hostname="tejal-home" failures="0" tests="8" name="com.SalesForce.tests.ContactsTest" time="98.879" errors="0" timestamp="2022-02-11T11:32:02 EST" skipped="0">
  <testcase classname="com.SalesForce.tests.ContactsTest" name="TestCase30_NewViewError" time="11.008"/>
  <system-out/>
  <testcase classname="com.SalesForce.tests.ContactsTest" name="TestCase27_RecentCreatedContacts" time="11.925"/>
  <system-out/>
  <testcase classname="com.SalesForce.tests.ContactsTest" name="TestCase25_CreateNewContact" time="12.720"/>
  <system-out/>
  <testcase classname="com.SalesForce.tests.ContactsTest" name="TestCase32_CheckSaveNewButton" time="13.531"/>
  <system-out/>
  <testcase classname="com.SalesForce.tests.ContactsTest" name="TestCase28_MyContactsView" time="12.813"/>
  <system-out/>
  <testcase classname="com.SalesForce.tests.ContactsTest" name="TestCase26_NewViewContacts" time="12.900"/>
  <system-out/>
  <testcase classname="com.SalesForce.tests.ContactsTest" name="TestCase31_CheckCancelButton" time="13.455"/>
  <system-out/>
  <testcase classname="com.SalesForce.tests.ContactsTest" name="TestCase29_ViewContact" time="10.527"/>
  <system-out/>
</testsuite> <!-- com.SalesForce.tests.ContactsTest -->
