<?xml version="1.0" encoding="UTF-8"?>
<!-- Generated by org.testng.reporters.JUnitReportReporter -->
<testsuite hostname="tejal-home" failures="0" tests="5" name="com.SalesForceApp.tests.Account.AccountTest" time="20.049" errors="0" timestamp="2022-02-06T20:36:37 EST" skipped="4">
  <testcase classname="com.SalesForceApp.tests.Account.AccountTest" name="TestCase12_EditView" time="20.049"/>
  <system-out/>
  <testcase classname="com.SalesForceApp.tests.Account.AccountTest" name="TestCase11_CreateNewView">
    <skipped/>
  </testcase> <!-- TestCase11_CreateNewView -->
  <system-out/>
  <testcase classname="com.SalesForceApp.tests.Account.AccountTest" name="TestCase14_CreateAccountReport">
    <skipped/>
  </testcase> <!-- TestCase14_CreateAccountReport -->
  <system-out/>
  <testcase classname="com.SalesForceApp.tests.Account.AccountTest" name="TestCase13_MergeAccount">
    <skipped/>
  </testcase> <!-- TestCase13_MergeAccount -->
  <system-out/>
  <testcase classname="com.SalesForceApp.tests.Account.AccountTest" name="TestCase10_CreateNewAccount">
    <skipped/>
  </testcase> <!-- TestCase10_CreateNewAccount -->
  <system-out/>
</testsuite> <!-- com.SalesForceApp.tests.Account.AccountTest -->
