<?xml version="1.0" encoding="UTF-8"?>
<!-- Generated by org.testng.reporters.JUnitReportReporter -->
<testsuite hostname="tejal-home" failures="0" tests="5" name="com.SalesForce.tests.LoginTest" time="11.616" errors="0" timestamp="2022-02-09T17:43:29 EST" skipped="4">
  <testcase classname="com.SalesForce.tests.LoginTest" name="TestCase2_ValidUsernamePassword" time="11.616"/>
  <system-out/>
  <testcase classname="com.SalesForce.tests.LoginTest" name="TestCase3_RememberedUsername">
    <skipped/>
  </testcase> <!-- TestCase3_RememberedUsername -->
  <system-out/>
  <testcase classname="com.SalesForce.tests.LoginTest" name="TestCase1_BlankPassword">
    <skipped/>
  </testcase> <!-- TestCase1_BlankPassword -->
  <system-out/>
  <testcase classname="com.SalesForce.tests.LoginTest" name="TestCase4B_InvalidUsernamePassword">
    <skipped/>
  </testcase> <!-- TestCase4B_InvalidUsernamePassword -->
  <system-out/>
  <testcase classname="com.SalesForce.tests.LoginTest" name="TestCase4A_ForgotPassword">
    <skipped/>
  </testcase> <!-- TestCase4A_ForgotPassword -->
  <system-out/>
</testsuite> <!-- com.SalesForce.tests.LoginTest -->
