<?xml version="1.0" encoding="UTF-8"?>
<!-- Generated by org.testng.reporters.JUnitReportReporter -->
<testsuite hostname="tejal-home" failures="0" tests="5" name="com.SalesForce.tests.Leads.LeadsTest" time="69.233" errors="0" timestamp="2022-02-08T23:21:27 EST" skipped="0">
  <testcase classname="com.SalesForce.tests.Leads.LeadsTest" name="TestCase21_LeadsSelectView" time="11.830"/>
  <system-out/>
  <testcase classname="com.SalesForce.tests.Leads.LeadsTest" name="TestCase24_NewLead" time="14.356"/>
  <system-out/>
  <testcase classname="com.SalesForce.tests.Leads.LeadsTest" name="TestCase20_LeadTab" time="11.919"/>
  <system-out/>
  <testcase classname="com.SalesForce.tests.Leads.LeadsTest" name="TestCase22_LeadsDefaultView" time="21.007"/>
  <system-out/>
  <testcase classname="com.SalesForce.tests.Leads.LeadsTest" name="TestCase23_TodaysLead" time="10.121"/>
  <system-out/>
</testsuite> <!-- com.SalesForce.tests.Leads.LeadsTest -->
