<?xml version="1.0" encoding="UTF-8"?>
<!-- Generated by org.testng.reporters.JUnitReportReporter -->
<testsuite hostname="tejal-home" failures="0" tests="5" name="com.SalesForceApp.tests.Login.LoginTest" time="40.235" errors="0" timestamp="2022-02-05T18:19:43 EST" skipped="0">
  <testcase classname="com.SalesForceApp.tests.Login.LoginTest" name="TestCase4B_InvalidUsernamePassword" time="5.759"/>
  <system-out/>
  <testcase classname="com.SalesForceApp.tests.Login.LoginTest" name="TestCase3_RememberedUsername" time="12.141"/>
  <system-out/>
  <testcase classname="com.SalesForceApp.tests.Login.LoginTest" name="TestCase1_BlankPassword" time="8.005"/>
  <system-out/>
  <testcase classname="com.SalesForceApp.tests.Login.LoginTest" name="TestCase4A_ForgotPassword" time="6.004"/>
  <system-out/>
  <testcase classname="com.SalesForceApp.tests.Login.LoginTest" name="TestCase2_ValidUsernamePassword" time="8.326"/>
  <system-out/>
</testsuite> <!-- com.SalesForceApp.tests.Login.LoginTest -->
