<?xml version="1.0" encoding="UTF-8"?>
<!-- Generated by org.testng.reporters.JUnitReportReporter -->
<testsuite hostname="tejal-home" failures="0" tests="5" name="com.SalesForce.tests.UserMenuTest" time="48.292" errors="0" timestamp="2022-02-11T10:49:31 EST" skipped="2">
  <testcase classname="com.SalesForce.tests.UserMenuTest" name="TestCase7_MySettingUserMenu" time="24.071"/>
  <system-out/>
  <testcase classname="com.SalesForce.tests.UserMenuTest" name="TestCase9_Logout" time="11.351"/>
  <system-out/>
  <testcase classname="com.SalesForce.tests.UserMenuTest" name="TestCase8_DeveloperConsole" time="12.870"/>
  <system-out/>
  <testcase classname="com.SalesForce.tests.UserMenuTest" name="TestCase6_MyProfileUserMenu">
    <skipped/>
  </testcase> <!-- TestCase6_MyProfileUserMenu -->
  <system-out/>
  <testcase classname="com.SalesForce.tests.UserMenuTest" name="TestCase5_UserMenuDropdown">
    <skipped/>
  </testcase> <!-- TestCase5_UserMenuDropdown -->
  <system-out/>
</testsuite> <!-- com.SalesForce.tests.UserMenuTest -->
